2025-10-31T09:05:20.180+09:00  INFO 9096 --- [ch09] [restartedMain] kr.co.ch09.Ch09Application               : Starting Ch09Application using Java 17.0.0.1 with PID 9096 (C:\Users\GGG\Desktop\workspace\Spring\ch09\build\classes\java\main started by GGG in C:\Users\GGG\Desktop\workspace\Spring\ch09)
2025-10-31T09:05:20.195+09:00  INFO 9096 --- [ch09] [restartedMain] kr.co.ch09.Ch09Application               : No active profile set, falling back to 1 default profile: "default"
2025-10-31T09:05:20.285+09:00  INFO 9096 --- [ch09] [restartedMain] o.s.b.devtools.restart.ChangeableUrls    : The Class-Path manifest attribute in C:\Users\GGG\.gradle\caches\modules-2\files-2.1\com.oracle.database.jdbc\ojdbc11\23.7.0.25.01\665f52abef9122ce003b5cfc1d9d44f7302e2cfe\ojdbc11-23.7.0.25.01.jar referenced one or more files that do not exist: file:/C:/Users/GGG/.gradle/caches/modules-2/files-2.1/com.oracle.database.jdbc/ojdbc11/23.7.0.25.01/665f52abef9122ce003b5cfc1d9d44f7302e2cfe/oraclepki.jar
2025-10-31T09:05:20.286+09:00  INFO 9096 --- [ch09] [restartedMain] .e.DevToolsPropertyDefaultsPostProcessor : Devtools property defaults active! Set 'spring.devtools.add-properties' to 'false' to disable
2025-10-31T09:05:20.286+09:00  INFO 9096 --- [ch09] [restartedMain] .e.DevToolsPropertyDefaultsPostProcessor : For additional web related logging consider setting the 'logging.level.web' property to 'DEBUG'
2025-10-31T09:05:21.778+09:00  INFO 9096 --- [ch09] [restartedMain] .s.d.r.c.RepositoryConfigurationDelegate : Bootstrapping Spring Data JPA repositories in DEFAULT mode.
2025-10-31T09:05:21.874+09:00  INFO 9096 --- [ch09] [restartedMain] .s.d.r.c.RepositoryConfigurationDelegate : Finished Spring Data repository scanning in 81 ms. Found 2 JPA repository interfaces.
2025-10-31T09:05:22.382+09:00  WARN 9096 --- [ch09] [restartedMain] o.m.s.mapper.ClassPathMapperScanner      : No MyBatis mapper was found in '[kr.co.ch09]' package. Please check your configuration.
2025-10-31T09:05:23.062+09:00  INFO 9096 --- [ch09] [restartedMain] o.s.b.w.embedded.tomcat.TomcatWebServer  : Tomcat initialized with port 8080 (http)
2025-10-31T09:05:23.080+09:00  INFO 9096 --- [ch09] [restartedMain] o.apache.catalina.core.StandardService   : Starting service [Tomcat]
2025-10-31T09:05:23.081+09:00  INFO 9096 --- [ch09] [restartedMain] o.apache.catalina.core.StandardEngine    : Starting Servlet engine: [Apache Tomcat/10.1.46]
2025-10-31T09:05:23.143+09:00  INFO 9096 --- [ch09] [restartedMain] o.a.c.c.C.[Tomcat].[localhost].[/ch09]   : Initializing Spring embedded WebApplicationContext
2025-10-31T09:05:23.143+09:00  INFO 9096 --- [ch09] [restartedMain] w.s.c.ServletWebServerApplicationContext : Root WebApplicationContext: initialization completed in 2856 ms
2025-10-31T09:05:23.482+09:00  INFO 9096 --- [ch09] [restartedMain] o.hibernate.jpa.internal.util.LogHelper  : HHH000204: Processing PersistenceUnitInfo [name: default]
2025-10-31T09:05:23.577+09:00  INFO 9096 --- [ch09] [restartedMain] org.hibernate.Version                    : HHH000412: Hibernate ORM core version 6.6.29.Final
2025-10-31T09:05:23.631+09:00  INFO 9096 --- [ch09] [restartedMain] o.h.c.internal.RegionFactoryInitiator    : HHH000026: Second-level cache disabled
2025-10-31T09:05:24.048+09:00  INFO 9096 --- [ch09] [restartedMain] o.s.o.j.p.SpringPersistenceUnitInfo      : No LoadTimeWeaver setup: ignoring JPA class transformer
2025-10-31T09:05:24.087+09:00  INFO 9096 --- [ch09] [restartedMain] com.zaxxer.hikari.HikariDataSource       : HikariPool-1 - Starting...
2025-10-31T09:05:24.095+09:00  WARN 9096 --- [ch09] [restartedMain] c.zaxxer.hikari.util.DriverDataSource    : Registered driver with driverClassName=oracle.jdbc.driver.OracleDriver was not found, trying direct instantiation.
2025-10-31T09:05:24.628+09:00  INFO 9096 --- [ch09] [restartedMain] com.zaxxer.hikari.pool.HikariPool        : HikariPool-1 - Added connection oracle.jdbc.driver.T4CConnection@2f22a55c
2025-10-31T09:05:24.631+09:00  INFO 9096 --- [ch09] [restartedMain] com.zaxxer.hikari.HikariDataSource       : HikariPool-1 - Start completed.
2025-10-31T09:05:24.987+09:00  INFO 9096 --- [ch09] [restartedMain] org.hibernate.orm.connections.pooling    : HHH10001005: Database info:
	Database JDBC URL [Connecting through datasource 'HikariDataSource (HikariPool-1)']
	Database driver: undefined/unknown
	Database version: 21.3
	Autocommit mode: undefined/unknown
	Isolation level: undefined/unknown
	Minimum pool size: undefined/unknown
	Maximum pool size: undefined/unknown
2025-10-31T09:05:26.002+09:00  INFO 9096 --- [ch09] [restartedMain] o.h.e.t.j.p.i.JtaPlatformInitiator       : HHH000489: No JTA platform available (set 'hibernate.transaction.jta.platform' to enable JTA platform integration)
2025-10-31T09:05:27.154+09:00  INFO 9096 --- [ch09] [restartedMain] j.LocalContainerEntityManagerFactoryBean : Initialized JPA EntityManagerFactory for persistence unit 'default'
2025-10-31T09:05:27.738+09:00  INFO 9096 --- [ch09] [restartedMain] r$InitializeUserDetailsManagerConfigurer : Global AuthenticationManager configured with UserDetailsService bean with name myUserDetailsService
2025-10-31T09:05:27.758+09:00  WARN 9096 --- [ch09] [restartedMain] JpaBaseConfiguration$JpaWebConfiguration : spring.jpa.open-in-view is enabled by default. Therefore, database queries may be performed during view rendering. Explicitly configure spring.jpa.open-in-view to disable this warning
2025-10-31T09:05:28.509+09:00  INFO 9096 --- [ch09] [restartedMain] o.s.b.d.a.OptionalLiveReloadServer       : LiveReload server is running on port 35729
2025-10-31T09:05:28.548+09:00  INFO 9096 --- [ch09] [restartedMain] o.s.b.w.embedded.tomcat.TomcatWebServer  : Tomcat started on port 8080 (http) with context path '/ch09'
2025-10-31T09:05:28.555+09:00  INFO 9096 --- [ch09] [restartedMain] kr.co.ch09.Ch09Application               : Started Ch09Application in 9.387 seconds (process running for 10.268)
2025-10-31T09:13:25.267+09:00  INFO 13924 --- [ch09] [restartedMain] kr.co.ch09.Ch09Application               : Starting Ch09Application using Java 17.0.0.1 with PID 13924 (C:\Users\GGG\Desktop\workspace\Spring\ch09\build\classes\java\main started by GGG in C:\Users\GGG\Desktop\workspace\Spring\ch09)
2025-10-31T09:13:25.273+09:00  INFO 13924 --- [ch09] [restartedMain] kr.co.ch09.Ch09Application               : No active profile set, falling back to 1 default profile: "default"
2025-10-31T09:13:25.398+09:00  INFO 13924 --- [ch09] [restartedMain] o.s.b.devtools.restart.ChangeableUrls    : The Class-Path manifest attribute in C:\Users\GGG\.gradle\caches\modules-2\files-2.1\com.oracle.database.jdbc\ojdbc11\23.7.0.25.01\665f52abef9122ce003b5cfc1d9d44f7302e2cfe\ojdbc11-23.7.0.25.01.jar referenced one or more files that do not exist: file:/C:/Users/GGG/.gradle/caches/modules-2/files-2.1/com.oracle.database.jdbc/ojdbc11/23.7.0.25.01/665f52abef9122ce003b5cfc1d9d44f7302e2cfe/oraclepki.jar
2025-10-31T09:13:25.399+09:00  INFO 13924 --- [ch09] [restartedMain] .e.DevToolsPropertyDefaultsPostProcessor : Devtools property defaults active! Set 'spring.devtools.add-properties' to 'false' to disable
2025-10-31T09:13:25.399+09:00  INFO 13924 --- [ch09] [restartedMain] .e.DevToolsPropertyDefaultsPostProcessor : For additional web related logging consider setting the 'logging.level.web' property to 'DEBUG'
2025-10-31T09:13:27.673+09:00  INFO 13924 --- [ch09] [restartedMain] .s.d.r.c.RepositoryConfigurationDelegate : Bootstrapping Spring Data JPA repositories in DEFAULT mode.
2025-10-31T09:13:27.802+09:00  INFO 13924 --- [ch09] [restartedMain] .s.d.r.c.RepositoryConfigurationDelegate : Finished Spring Data repository scanning in 107 ms. Found 2 JPA repository interfaces.
2025-10-31T09:13:28.194+09:00  WARN 13924 --- [ch09] [restartedMain] o.m.s.mapper.ClassPathMapperScanner      : No MyBatis mapper was found in '[kr.co.ch09]' package. Please check your configuration.
2025-10-31T09:13:29.347+09:00  INFO 13924 --- [ch09] [restartedMain] o.s.b.w.embedded.tomcat.TomcatWebServer  : Tomcat initialized with port 8080 (http)
2025-10-31T09:13:29.381+09:00  INFO 13924 --- [ch09] [restartedMain] o.apache.catalina.core.StandardService   : Starting service [Tomcat]
2025-10-31T09:13:29.382+09:00  INFO 13924 --- [ch09] [restartedMain] o.apache.catalina.core.StandardEngine    : Starting Servlet engine: [Apache Tomcat/10.1.46]
2025-10-31T09:13:29.475+09:00  INFO 13924 --- [ch09] [restartedMain] o.a.c.c.C.[Tomcat].[localhost].[/ch09]   : Initializing Spring embedded WebApplicationContext
2025-10-31T09:13:29.477+09:00  INFO 13924 --- [ch09] [restartedMain] w.s.c.ServletWebServerApplicationContext : Root WebApplicationContext: initialization completed in 4076 ms
2025-10-31T09:13:29.929+09:00  INFO 13924 --- [ch09] [restartedMain] o.hibernate.jpa.internal.util.LogHelper  : HHH000204: Processing PersistenceUnitInfo [name: default]
2025-10-31T09:13:30.062+09:00  INFO 13924 --- [ch09] [restartedMain] org.hibernate.Version                    : HHH000412: Hibernate ORM core version 6.6.29.Final
2025-10-31T09:13:30.140+09:00  INFO 13924 --- [ch09] [restartedMain] o.h.c.internal.RegionFactoryInitiator    : HHH000026: Second-level cache disabled
2025-10-31T09:13:30.841+09:00  INFO 13924 --- [ch09] [restartedMain] o.s.o.j.p.SpringPersistenceUnitInfo      : No LoadTimeWeaver setup: ignoring JPA class transformer
2025-10-31T09:13:30.899+09:00  INFO 13924 --- [ch09] [restartedMain] com.zaxxer.hikari.HikariDataSource       : HikariPool-1 - Starting...
2025-10-31T09:13:30.912+09:00  WARN 13924 --- [ch09] [restartedMain] c.zaxxer.hikari.util.DriverDataSource    : Registered driver with driverClassName=oracle.jdbc.driver.OracleDriver was not found, trying direct instantiation.
2025-10-31T09:13:31.948+09:00  INFO 13924 --- [ch09] [restartedMain] com.zaxxer.hikari.pool.HikariPool        : HikariPool-1 - Added connection oracle.jdbc.driver.T4CConnection@3600b4c4
2025-10-31T09:13:31.950+09:00  INFO 13924 --- [ch09] [restartedMain] com.zaxxer.hikari.HikariDataSource       : HikariPool-1 - Start completed.
2025-10-31T09:13:32.587+09:00  INFO 13924 --- [ch09] [restartedMain] org.hibernate.orm.connections.pooling    : HHH10001005: Database info:
	Database JDBC URL [Connecting through datasource 'HikariDataSource (HikariPool-1)']
	Database driver: undefined/unknown
	Database version: 21.3
	Autocommit mode: undefined/unknown
	Isolation level: undefined/unknown
	Minimum pool size: undefined/unknown
	Maximum pool size: undefined/unknown
2025-10-31T09:13:34.462+09:00  INFO 13924 --- [ch09] [restartedMain] o.h.e.t.j.p.i.JtaPlatformInitiator       : HHH000489: No JTA platform available (set 'hibernate.transaction.jta.platform' to enable JTA platform integration)
2025-10-31T09:13:36.541+09:00  INFO 13924 --- [ch09] [restartedMain] j.LocalContainerEntityManagerFactoryBean : Initialized JPA EntityManagerFactory for persistence unit 'default'
2025-10-31T09:13:37.140+09:00  INFO 13924 --- [ch09] [restartedMain] r$InitializeUserDetailsManagerConfigurer : Global AuthenticationManager configured with UserDetailsService bean with name myUserDetailsService
2025-10-31T09:13:37.176+09:00  WARN 13924 --- [ch09] [restartedMain] JpaBaseConfiguration$JpaWebConfiguration : spring.jpa.open-in-view is enabled by default. Therefore, database queries may be performed during view rendering. Explicitly configure spring.jpa.open-in-view to disable this warning
2025-10-31T09:13:38.346+09:00  INFO 13924 --- [ch09] [restartedMain] o.s.b.d.a.OptionalLiveReloadServer       : LiveReload server is running on port 35729
2025-10-31T09:13:38.425+09:00  INFO 13924 --- [ch09] [restartedMain] o.s.b.w.embedded.tomcat.TomcatWebServer  : Tomcat started on port 8080 (http) with context path '/ch09'
2025-10-31T09:13:38.440+09:00  INFO 13924 --- [ch09] [restartedMain] kr.co.ch09.Ch09Application               : Started Ch09Application in 14.353 seconds (process running for 15.789)
2025-10-31T09:37:00.204+09:00  INFO 13924 --- [ch09] [File Watcher] rtingClassPathChangeChangedEventListener : Restarting due to 1 class path change (0 additions, 1 deletion, 0 modifications)
2025-10-31T09:37:00.236+09:00  INFO 13924 --- [ch09] [Thread-7] o.s.b.w.e.tomcat.GracefulShutdown        : Commencing graceful shutdown. Waiting for active requests to complete
2025-10-31T09:37:00.335+09:00  INFO 13924 --- [ch09] [tomcat-shutdown] o.s.b.w.e.tomcat.GracefulShutdown        : Graceful shutdown complete
2025-10-31T09:37:00.343+09:00  INFO 13924 --- [ch09] [Thread-7] j.LocalContainerEntityManagerFactoryBean : Closing JPA EntityManagerFactory for persistence unit 'default'
2025-10-31T09:37:00.349+09:00  INFO 13924 --- [ch09] [Thread-7] com.zaxxer.hikari.HikariDataSource       : HikariPool-1 - Shutdown initiated...
2025-10-31T09:37:00.367+09:00  INFO 13924 --- [ch09] [Thread-7] com.zaxxer.hikari.HikariDataSource       : HikariPool-1 - Shutdown completed.
2025-10-31T09:37:00.499+09:00  INFO 13924 --- [ch09] [restartedMain] kr.co.ch09.Ch09Application               : Starting Ch09Application using Java 17.0.0.1 with PID 13924 (C:\Users\GGG\Desktop\workspace\Spring\ch09\build\classes\java\main started by GGG in C:\Users\GGG\Desktop\workspace\Spring\ch09)
2025-10-31T09:37:00.499+09:00  INFO 13924 --- [ch09] [restartedMain] kr.co.ch09.Ch09Application               : No active profile set, falling back to 1 default profile: "default"
2025-10-31T09:37:00.805+09:00  INFO 13924 --- [ch09] [restartedMain] .s.d.r.c.RepositoryConfigurationDelegate : Bootstrapping Spring Data JPA repositories in DEFAULT mode.
2025-10-31T09:37:00.825+09:00  INFO 13924 --- [ch09] [restartedMain] .s.d.r.c.RepositoryConfigurationDelegate : Finished Spring Data repository scanning in 16 ms. Found 2 JPA repository interfaces.
2025-10-31T09:37:00.881+09:00  WARN 13924 --- [ch09] [restartedMain] o.m.s.mapper.ClassPathMapperScanner      : No MyBatis mapper was found in '[kr.co.ch09]' package. Please check your configuration.
2025-10-31T09:37:00.957+09:00  INFO 13924 --- [ch09] [restartedMain] o.s.b.w.embedded.tomcat.TomcatWebServer  : Tomcat initialized with port 8080 (http)
2025-10-31T09:37:00.958+09:00  INFO 13924 --- [ch09] [restartedMain] o.apache.catalina.core.StandardService   : Starting service [Tomcat]
2025-10-31T09:37:00.958+09:00  INFO 13924 --- [ch09] [restartedMain] o.apache.catalina.core.StandardEngine    : Starting Servlet engine: [Apache Tomcat/10.1.46]
2025-10-31T09:37:00.977+09:00  INFO 13924 --- [ch09] [restartedMain] o.a.c.c.C.[Tomcat].[localhost].[/ch09]   : Initializing Spring embedded WebApplicationContext
2025-10-31T09:37:00.978+09:00  INFO 13924 --- [ch09] [restartedMain] w.s.c.ServletWebServerApplicationContext : Root WebApplicationContext: initialization completed in 477 ms
2025-10-31T09:37:01.015+09:00  INFO 13924 --- [ch09] [restartedMain] o.hibernate.jpa.internal.util.LogHelper  : HHH000204: Processing PersistenceUnitInfo [name: default]
2025-10-31T09:37:01.020+09:00  INFO 13924 --- [ch09] [restartedMain] o.h.c.internal.RegionFactoryInitiator    : HHH000026: Second-level cache disabled
2025-10-31T09:37:01.036+09:00  INFO 13924 --- [ch09] [restartedMain] o.s.o.j.p.SpringPersistenceUnitInfo      : No LoadTimeWeaver setup: ignoring JPA class transformer
2025-10-31T09:37:01.038+09:00  INFO 13924 --- [ch09] [restartedMain] com.zaxxer.hikari.HikariDataSource       : HikariPool-2 - Starting...
2025-10-31T09:37:01.038+09:00  WARN 13924 --- [ch09] [restartedMain] c.zaxxer.hikari.util.DriverDataSource    : Registered driver with driverClassName=oracle.jdbc.driver.OracleDriver was not found, trying direct instantiation.
2025-10-31T09:37:01.084+09:00  INFO 13924 --- [ch09] [restartedMain] com.zaxxer.hikari.pool.HikariPool        : HikariPool-2 - Added connection oracle.jdbc.driver.T4CConnection@5978dc61
2025-10-31T09:37:01.085+09:00  INFO 13924 --- [ch09] [restartedMain] com.zaxxer.hikari.HikariDataSource       : HikariPool-2 - Start completed.
2025-10-31T09:37:01.089+09:00  INFO 13924 --- [ch09] [restartedMain] org.hibernate.orm.connections.pooling    : HHH10001005: Database info:
	Database JDBC URL [Connecting through datasource 'HikariDataSource (HikariPool-2)']
	Database driver: undefined/unknown
	Database version: 21.3
	Autocommit mode: undefined/unknown
	Isolation level: undefined/unknown
	Minimum pool size: undefined/unknown
	Maximum pool size: undefined/unknown
2025-10-31T09:37:01.139+09:00  INFO 13924 --- [ch09] [restartedMain] o.h.e.t.j.p.i.JtaPlatformInitiator       : HHH000489: No JTA platform available (set 'hibernate.transaction.jta.platform' to enable JTA platform integration)
2025-10-31T09:37:01.880+09:00  INFO 13924 --- [ch09] [restartedMain] j.LocalContainerEntityManagerFactoryBean : Initialized JPA EntityManagerFactory for persistence unit 'default'
2025-10-31T09:37:01.937+09:00  INFO 13924 --- [ch09] [restartedMain] r$InitializeUserDetailsManagerConfigurer : Global AuthenticationManager configured with UserDetailsService bean with name myUserDetailsService
2025-10-31T09:37:01.944+09:00  WARN 13924 --- [ch09] [restartedMain] JpaBaseConfiguration$JpaWebConfiguration : spring.jpa.open-in-view is enabled by default. Therefore, database queries may be performed during view rendering. Explicitly configure spring.jpa.open-in-view to disable this warning
2025-10-31T09:37:02.074+09:00  INFO 13924 --- [ch09] [restartedMain] o.s.b.d.a.OptionalLiveReloadServer       : LiveReload server is running on port 35729
2025-10-31T09:37:02.086+09:00  INFO 13924 --- [ch09] [restartedMain] o.s.b.w.embedded.tomcat.TomcatWebServer  : Tomcat started on port 8080 (http) with context path '/ch09'
2025-10-31T09:37:02.091+09:00  INFO 13924 --- [ch09] [restartedMain] kr.co.ch09.Ch09Application               : Started Ch09Application in 1.632 seconds (process running for 1419.439)
2025-10-31T09:37:02.093+09:00  INFO 13924 --- [ch09] [restartedMain] .ConditionEvaluationDeltaLoggingListener : Condition evaluation unchanged
2025-10-31T09:37:03.490+09:00  INFO 13924 --- [ch09] [File Watcher] rtingClassPathChangeChangedEventListener : Restarting due to 1 class path change (1 addition, 0 deletions, 0 modifications)
2025-10-31T09:37:03.491+09:00  INFO 13924 --- [ch09] [Thread-9] o.s.b.w.e.tomcat.GracefulShutdown        : Commencing graceful shutdown. Waiting for active requests to complete
2025-10-31T09:37:03.571+09:00  INFO 13924 --- [ch09] [tomcat-shutdown] o.s.b.w.e.tomcat.GracefulShutdown        : Graceful shutdown complete
2025-10-31T09:37:03.573+09:00  INFO 13924 --- [ch09] [Thread-9] j.LocalContainerEntityManagerFactoryBean : Closing JPA EntityManagerFactory for persistence unit 'default'
2025-10-31T09:37:03.574+09:00  INFO 13924 --- [ch09] [Thread-9] com.zaxxer.hikari.HikariDataSource       : HikariPool-2 - Shutdown initiated...
2025-10-31T09:37:03.581+09:00  INFO 13924 --- [ch09] [Thread-9] com.zaxxer.hikari.HikariDataSource       : HikariPool-2 - Shutdown completed.
2025-10-31T09:37:03.659+09:00  INFO 13924 --- [ch09] [restartedMain] kr.co.ch09.Ch09Application               : Starting Ch09Application using Java 17.0.0.1 with PID 13924 (C:\Users\GGG\Desktop\workspace\Spring\ch09\build\classes\java\main started by GGG in C:\Users\GGG\Desktop\workspace\Spring\ch09)
2025-10-31T09:37:03.659+09:00  INFO 13924 --- [ch09] [restartedMain] kr.co.ch09.Ch09Application               : No active profile set, falling back to 1 default profile: "default"
2025-10-31T09:37:03.883+09:00  INFO 13924 --- [ch09] [restartedMain] .s.d.r.c.RepositoryConfigurationDelegate : Bootstrapping Spring Data JPA repositories in DEFAULT mode.
2025-10-31T09:37:03.894+09:00  INFO 13924 --- [ch09] [restartedMain] .s.d.r.c.RepositoryConfigurationDelegate : Finished Spring Data repository scanning in 11 ms. Found 2 JPA repository interfaces.
2025-10-31T09:37:03.931+09:00  WARN 13924 --- [ch09] [restartedMain] o.m.s.mapper.ClassPathMapperScanner      : No MyBatis mapper was found in '[kr.co.ch09]' package. Please check your configuration.
2025-10-31T09:37:03.992+09:00  INFO 13924 --- [ch09] [restartedMain] o.s.b.w.embedded.tomcat.TomcatWebServer  : Tomcat initialized with port 8080 (http)
2025-10-31T09:37:03.993+09:00  INFO 13924 --- [ch09] [restartedMain] o.apache.catalina.core.StandardService   : Starting service [Tomcat]
2025-10-31T09:37:03.993+09:00  INFO 13924 --- [ch09] [restartedMain] o.apache.catalina.core.StandardEngine    : Starting Servlet engine: [Apache Tomcat/10.1.46]
2025-10-31T09:37:04.010+09:00  INFO 13924 --- [ch09] [restartedMain] o.a.c.c.C.[Tomcat].[localhost].[/ch09]   : Initializing Spring embedded WebApplicationContext
2025-10-31T09:37:04.010+09:00  INFO 13924 --- [ch09] [restartedMain] w.s.c.ServletWebServerApplicationContext : Root WebApplicationContext: initialization completed in 349 ms
2025-10-31T09:37:04.035+09:00  INFO 13924 --- [ch09] [restartedMain] o.hibernate.jpa.internal.util.LogHelper  : HHH000204: Processing PersistenceUnitInfo [name: default]
2025-10-31T09:37:04.039+09:00  INFO 13924 --- [ch09] [restartedMain] o.h.c.internal.RegionFactoryInitiator    : HHH000026: Second-level cache disabled
2025-10-31T09:37:04.047+09:00  INFO 13924 --- [ch09] [restartedMain] o.s.o.j.p.SpringPersistenceUnitInfo      : No LoadTimeWeaver setup: ignoring JPA class transformer
2025-10-31T09:37:04.049+09:00  INFO 13924 --- [ch09] [restartedMain] com.zaxxer.hikari.HikariDataSource       : HikariPool-3 - Starting...
2025-10-31T09:37:04.049+09:00  WARN 13924 --- [ch09] [restartedMain] c.zaxxer.hikari.util.DriverDataSource    : Registered driver with driverClassName=oracle.jdbc.driver.OracleDriver was not found, trying direct instantiation.
2025-10-31T09:37:04.091+09:00  INFO 13924 --- [ch09] [restartedMain] com.zaxxer.hikari.pool.HikariPool        : HikariPool-3 - Added connection oracle.jdbc.driver.T4CConnection@48520546
2025-10-31T09:37:04.091+09:00  INFO 13924 --- [ch09] [restartedMain] com.zaxxer.hikari.HikariDataSource       : HikariPool-3 - Start completed.
2025-10-31T09:37:04.094+09:00  INFO 13924 --- [ch09] [restartedMain] org.hibernate.orm.connections.pooling    : HHH10001005: Database info:
	Database JDBC URL [Connecting through datasource 'HikariDataSource (HikariPool-3)']
	Database driver: undefined/unknown
	Database version: 21.3
	Autocommit mode: undefined/unknown
	Isolation level: undefined/unknown
	Minimum pool size: undefined/unknown
	Maximum pool size: undefined/unknown
2025-10-31T09:37:04.154+09:00  INFO 13924 --- [ch09] [restartedMain] o.h.e.t.j.p.i.JtaPlatformInitiator       : HHH000489: No JTA platform available (set 'hibernate.transaction.jta.platform' to enable JTA platform integration)
2025-10-31T09:37:04.250+09:00  INFO 13924 --- [ch09] [restartedMain] j.LocalContainerEntityManagerFactoryBean : Initialized JPA EntityManagerFactory for persistence unit 'default'
2025-10-31T09:37:04.300+09:00  INFO 13924 --- [ch09] [restartedMain] r$InitializeUserDetailsManagerConfigurer : Global AuthenticationManager configured with UserDetailsService bean with name myUserDetailsService
2025-10-31T09:37:04.308+09:00  WARN 13924 --- [ch09] [restartedMain] JpaBaseConfiguration$JpaWebConfiguration : spring.jpa.open-in-view is enabled by default. Therefore, database queries may be performed during view rendering. Explicitly configure spring.jpa.open-in-view to disable this warning
2025-10-31T09:37:04.433+09:00  INFO 13924 --- [ch09] [restartedMain] o.s.b.d.a.OptionalLiveReloadServer       : LiveReload server is running on port 35729
2025-10-31T09:37:04.445+09:00  INFO 13924 --- [ch09] [restartedMain] o.s.b.w.embedded.tomcat.TomcatWebServer  : Tomcat started on port 8080 (http) with context path '/ch09'
2025-10-31T09:37:04.448+09:00  INFO 13924 --- [ch09] [restartedMain] kr.co.ch09.Ch09Application               : Started Ch09Application in 0.819 seconds (process running for 1421.797)
2025-10-31T09:37:04.449+09:00  INFO 13924 --- [ch09] [restartedMain] .ConditionEvaluationDeltaLoggingListener : Condition evaluation unchanged
2025-10-31T09:37:33.694+09:00  INFO 13924 --- [ch09] [http-nio-8080-exec-1] o.a.c.c.C.[Tomcat].[localhost].[/ch09]   : Initializing Spring DispatcherServlet 'dispatcherServlet'
2025-10-31T09:37:33.694+09:00  INFO 13924 --- [ch09] [http-nio-8080-exec-1] o.s.web.servlet.DispatcherServlet        : Initializing Servlet 'dispatcherServlet'
2025-10-31T09:37:33.696+09:00  INFO 13924 --- [ch09] [http-nio-8080-exec-1] o.s.web.servlet.DispatcherServlet        : Completed initialization in 2 ms
2025-10-31T09:37:33.727+09:00  INFO 13924 --- [ch09] [http-nio-8080-exec-1] kr.co.ch09.jwt.JwtAuthenticationFilter   : header : null
2025-10-31T09:37:33.727+09:00  INFO 13924 --- [ch09] [http-nio-8080-exec-1] kr.co.ch09.jwt.JwtAuthenticationFilter   : header is null
2025-10-31T09:37:33.730+09:00  INFO 13924 --- [ch09] [http-nio-8080-exec-1] kr.co.ch09.jwt.JwtAuthenticationFilter   : header : null
2025-10-31T09:37:33.730+09:00  INFO 13924 --- [ch09] [http-nio-8080-exec-1] kr.co.ch09.jwt.JwtAuthenticationFilter   : header is null
2025-10-31T09:37:34.059+09:00  INFO 13924 --- [ch09] [http-nio-8080-exec-1] kr.co.ch09.controller.UserController     : UserDTO : UserDTO(usid=a101, pass=$2a$10$hAGD4CiVuKIBHmzWO.P06.1AY0wWrr4C5XwmDKzniZzc5I/HfGt0y, name=ohseoj, age=0, role=USER, regDate=2025-10-31T09:37:34.031165)
2025-10-31T09:37:41.503+09:00  INFO 13924 --- [ch09] [http-nio-8080-exec-3] kr.co.ch09.jwt.JwtAuthenticationFilter   : header : null
2025-10-31T09:37:41.503+09:00  INFO 13924 --- [ch09] [http-nio-8080-exec-3] kr.co.ch09.jwt.JwtAuthenticationFilter   : header is null
2025-10-31T09:37:41.503+09:00  INFO 13924 --- [ch09] [http-nio-8080-exec-3] kr.co.ch09.jwt.JwtAuthenticationFilter   : header : null
2025-10-31T09:37:41.503+09:00  INFO 13924 --- [ch09] [http-nio-8080-exec-3] kr.co.ch09.jwt.JwtAuthenticationFilter   : header is null
2025-10-31T09:37:41.504+09:00  INFO 13924 --- [ch09] [http-nio-8080-exec-3] kr.co.ch09.controller.UserController     : Login User: UserDTO(usid=a101, pass=abc1234, name=null, age=0, role=null, regDate=null)
2025-10-31T09:37:41.578+09:00  INFO 13924 --- [ch09] [http-nio-8080-exec-3] k.co.ch09.security.MyUserDetailsService  : loadUserByUsername username: a101
2025-10-31T09:37:41.586+09:00  INFO 13924 --- [ch09] [http-nio-8080-exec-3] k.co.ch09.security.MyUserDetailsService  : loadUserByUsername User: User(usid=a101, pass=$2a$10$hAGD4CiVuKIBHmzWO.P06.1AY0wWrr4C5XwmDKzniZzc5I/HfGt0y, name=ohseoj, age=0, role=USER, regDate=2025-10-31T09:37:34.031165)
2025-10-31T09:37:41.660+09:00  INFO 13924 --- [ch09] [http-nio-8080-exec-3] kr.co.ch09.controller.UserController     : authentication : UsernamePasswordAuthenticationToken [Principal=MyUserDetails(user=User(usid=a101, pass=$2a$10$hAGD4CiVuKIBHmzWO.P06.1AY0wWrr4C5XwmDKzniZzc5I/HfGt0y, name=ohseoj, age=0, role=USER, regDate=2025-10-31T09:37:34.031165)), Credentials=[PROTECTED], Authenticated=true, Details=null, Granted Authorities=[ROLE_USER]]
2025-10-31T09:37:41.660+09:00  INFO 13924 --- [ch09] [http-nio-8080-exec-3] kr.co.ch09.controller.UserController     : Login User: MyUserDetails(user=User(usid=a101, pass=$2a$10$hAGD4CiVuKIBHmzWO.P06.1AY0wWrr4C5XwmDKzniZzc5I/HfGt0y, name=ohseoj, age=0, role=USER, regDate=2025-10-31T09:37:34.031165))
2025-10-31T09:37:41.770+09:00  INFO 13924 --- [ch09] [http-nio-8080-exec-3] kr.co.ch09.controller.UserController     : accessToken Token: eyJhbGciOiJIUzI1NiJ9.eyJpc3MiOiJ5ZDg5MDIzNzU0QGdtYWlsLmNvbSIsImlhdCI6MTc2MTg3MTA2MSwiZXhwIjoxNzYxOTU3NDYxLCJ1c2VybmFtZSI6ImExMDEiLCJyb2xlIjoiVVNFUiJ9.LwZZCoJPR7yT5wZ32jyfVChjLmFUJddkb_AHXdRDWbM
2025-10-31T10:14:27.226+09:00  INFO 13924 --- [ch09] [http-nio-8080-exec-5] kr.co.ch09.jwt.JwtAuthenticationFilter   : header : null
2025-10-31T10:14:27.227+09:00  INFO 13924 --- [ch09] [http-nio-8080-exec-5] kr.co.ch09.jwt.JwtAuthenticationFilter   : header is null
2025-10-31T10:14:27.227+09:00  INFO 13924 --- [ch09] [http-nio-8080-exec-5] kr.co.ch09.jwt.JwtAuthenticationFilter   : header : null
2025-10-31T10:14:27.227+09:00  INFO 13924 --- [ch09] [http-nio-8080-exec-5] kr.co.ch09.jwt.JwtAuthenticationFilter   : header is null
2025-10-31T10:14:27.229+09:00  INFO 13924 --- [ch09] [http-nio-8080-exec-5] kr.co.ch09.controller.UserController     : Login User: UserDTO(usid=a101, pass=abc1234, name=null, age=0, role=null, regDate=null)
2025-10-31T10:14:27.229+09:00  INFO 13924 --- [ch09] [http-nio-8080-exec-5] k.co.ch09.security.MyUserDetailsService  : loadUserByUsername username: a101
2025-10-31T10:14:27.231+09:00  INFO 13924 --- [ch09] [http-nio-8080-exec-5] k.co.ch09.security.MyUserDetailsService  : loadUserByUsername User: User(usid=a101, pass=$2a$10$hAGD4CiVuKIBHmzWO.P06.1AY0wWrr4C5XwmDKzniZzc5I/HfGt0y, name=ohseoj, age=0, role=USER, regDate=2025-10-31T09:37:34.031165)
2025-10-31T10:14:27.301+09:00  INFO 13924 --- [ch09] [http-nio-8080-exec-5] kr.co.ch09.controller.UserController     : authentication : UsernamePasswordAuthenticationToken [Principal=MyUserDetails(user=User(usid=a101, pass=$2a$10$hAGD4CiVuKIBHmzWO.P06.1AY0wWrr4C5XwmDKzniZzc5I/HfGt0y, name=ohseoj, age=0, role=USER, regDate=2025-10-31T09:37:34.031165)), Credentials=[PROTECTED], Authenticated=true, Details=null, Granted Authorities=[ROLE_USER]]
2025-10-31T10:14:27.301+09:00  INFO 13924 --- [ch09] [http-nio-8080-exec-5] kr.co.ch09.controller.UserController     : Login User: MyUserDetails(user=User(usid=a101, pass=$2a$10$hAGD4CiVuKIBHmzWO.P06.1AY0wWrr4C5XwmDKzniZzc5I/HfGt0y, name=ohseoj, age=0, role=USER, regDate=2025-10-31T09:37:34.031165))
2025-10-31T10:14:27.302+09:00  INFO 13924 --- [ch09] [http-nio-8080-exec-5] kr.co.ch09.controller.UserController     : accessToken Token: eyJhbGciOiJIUzI1NiJ9.eyJpc3MiOiJ5ZDg5MDIzNzU0QGdtYWlsLmNvbSIsImlhdCI6MTc2MTg3MzI2NywiZXhwIjoxNzYxOTU5NjY3LCJ1c2VybmFtZSI6ImExMDEiLCJyb2xlIjoiVVNFUiJ9.RXpshgum27j3Fthknst4iL6BCcLYQI299iRW21d5Dfo
2025-10-31T10:14:52.043+09:00  INFO 13924 --- [ch09] [http-nio-8080-exec-7] kr.co.ch09.jwt.JwtAuthenticationFilter   : header : null
2025-10-31T10:14:52.043+09:00  INFO 13924 --- [ch09] [http-nio-8080-exec-7] kr.co.ch09.jwt.JwtAuthenticationFilter   : header is null
2025-10-31T10:14:52.043+09:00  INFO 13924 --- [ch09] [http-nio-8080-exec-7] kr.co.ch09.jwt.JwtAuthenticationFilter   : header : null
2025-10-31T10:14:52.043+09:00  INFO 13924 --- [ch09] [http-nio-8080-exec-7] kr.co.ch09.jwt.JwtAuthenticationFilter   : header is null
2025-10-31T10:14:52.045+09:00  INFO 13924 --- [ch09] [http-nio-8080-exec-7] kr.co.ch09.controller.UserController     : Login User: UserDTO(usid=a101, pass=abc1234, name=null, age=0, role=null, regDate=null)
2025-10-31T10:14:52.045+09:00  INFO 13924 --- [ch09] [http-nio-8080-exec-7] k.co.ch09.security.MyUserDetailsService  : loadUserByUsername username: a101
2025-10-31T10:14:52.048+09:00  INFO 13924 --- [ch09] [http-nio-8080-exec-7] k.co.ch09.security.MyUserDetailsService  : loadUserByUsername User: User(usid=a101, pass=$2a$10$hAGD4CiVuKIBHmzWO.P06.1AY0wWrr4C5XwmDKzniZzc5I/HfGt0y, name=ohseoj, age=0, role=USER, regDate=2025-10-31T09:37:34.031165)
2025-10-31T10:14:52.118+09:00  INFO 13924 --- [ch09] [http-nio-8080-exec-7] kr.co.ch09.controller.UserController     : authentication : UsernamePasswordAuthenticationToken [Principal=MyUserDetails(user=User(usid=a101, pass=$2a$10$hAGD4CiVuKIBHmzWO.P06.1AY0wWrr4C5XwmDKzniZzc5I/HfGt0y, name=ohseoj, age=0, role=USER, regDate=2025-10-31T09:37:34.031165)), Credentials=[PROTECTED], Authenticated=true, Details=null, Granted Authorities=[ROLE_USER]]
2025-10-31T10:14:52.118+09:00  INFO 13924 --- [ch09] [http-nio-8080-exec-7] kr.co.ch09.controller.UserController     : Login User: MyUserDetails(user=User(usid=a101, pass=$2a$10$hAGD4CiVuKIBHmzWO.P06.1AY0wWrr4C5XwmDKzniZzc5I/HfGt0y, name=ohseoj, age=0, role=USER, regDate=2025-10-31T09:37:34.031165))
2025-10-31T10:14:52.118+09:00  INFO 13924 --- [ch09] [http-nio-8080-exec-7] kr.co.ch09.controller.UserController     : accessToken Token: eyJhbGciOiJIUzI1NiJ9.eyJpc3MiOiJ5ZDg5MDIzNzU0QGdtYWlsLmNvbSIsImlhdCI6MTc2MTg3MzI5MiwiZXhwIjoxNzYxOTU5NjkyLCJ1c2VybmFtZSI6ImExMDEiLCJyb2xlIjoiVVNFUiJ9.4GC8hmlUZ_HMLfu_SHW9x-bGUbGJl-6geR8kLbMNW_8
2025-10-31T10:46:19.121+09:00  INFO 13924 --- [ch09] [http-nio-8080-exec-9] kr.co.ch09.jwt.JwtAuthenticationFilter   : header : null
2025-10-31T10:46:19.122+09:00  INFO 13924 --- [ch09] [http-nio-8080-exec-9] kr.co.ch09.jwt.JwtAuthenticationFilter   : header is null
2025-10-31T10:46:19.122+09:00  INFO 13924 --- [ch09] [http-nio-8080-exec-9] kr.co.ch09.jwt.JwtAuthenticationFilter   : header : null
2025-10-31T10:46:19.122+09:00  INFO 13924 --- [ch09] [http-nio-8080-exec-9] kr.co.ch09.jwt.JwtAuthenticationFilter   : header is null
2025-10-31T10:46:19.125+09:00  INFO 13924 --- [ch09] [http-nio-8080-exec-9] kr.co.ch09.controller.UserController     : Login User: UserDTO(usid=a101, pass=abc1234, name=null, age=0, role=null, regDate=null)
2025-10-31T10:46:19.125+09:00  INFO 13924 --- [ch09] [http-nio-8080-exec-9] k.co.ch09.security.MyUserDetailsService  : loadUserByUsername username: a101
2025-10-31T10:46:19.128+09:00  INFO 13924 --- [ch09] [http-nio-8080-exec-9] k.co.ch09.security.MyUserDetailsService  : loadUserByUsername User: User(usid=a101, pass=$2a$10$hAGD4CiVuKIBHmzWO.P06.1AY0wWrr4C5XwmDKzniZzc5I/HfGt0y, name=ohseoj, age=0, role=USER, regDate=2025-10-31T09:37:34.031165)
2025-10-31T10:46:19.197+09:00  INFO 13924 --- [ch09] [http-nio-8080-exec-9] kr.co.ch09.controller.UserController     : authentication : UsernamePasswordAuthenticationToken [Principal=MyUserDetails(user=User(usid=a101, pass=$2a$10$hAGD4CiVuKIBHmzWO.P06.1AY0wWrr4C5XwmDKzniZzc5I/HfGt0y, name=ohseoj, age=0, role=USER, regDate=2025-10-31T09:37:34.031165)), Credentials=[PROTECTED], Authenticated=true, Details=null, Granted Authorities=[ROLE_USER]]
2025-10-31T10:46:19.197+09:00  INFO 13924 --- [ch09] [http-nio-8080-exec-9] kr.co.ch09.controller.UserController     : Login User: MyUserDetails(user=User(usid=a101, pass=$2a$10$hAGD4CiVuKIBHmzWO.P06.1AY0wWrr4C5XwmDKzniZzc5I/HfGt0y, name=ohseoj, age=0, role=USER, regDate=2025-10-31T09:37:34.031165))
2025-10-31T10:46:19.198+09:00  INFO 13924 --- [ch09] [http-nio-8080-exec-9] kr.co.ch09.controller.UserController     : accessToken Token: eyJhbGciOiJIUzI1NiJ9.eyJpc3MiOiJ5ZDg5MDIzNzU0QGdtYWlsLmNvbSIsImlhdCI6MTc2MTg3NTE3OSwiZXhwIjoxNzYxOTYxNTc5LCJ1c2VybmFtZSI6ImExMDEiLCJyb2xlIjoiVVNFUiJ9.4F-wx4yYlmZKs0eQHPJMOn44gCza5S3kHkdQ6Koj6DM
2025-10-31T10:46:44.687+09:00  INFO 13924 --- [ch09] [http-nio-8080-exec-1] kr.co.ch09.jwt.JwtAuthenticationFilter   : header : null
2025-10-31T10:46:44.687+09:00  INFO 13924 --- [ch09] [http-nio-8080-exec-1] kr.co.ch09.jwt.JwtAuthenticationFilter   : header is null
2025-10-31T10:46:44.687+09:00  INFO 13924 --- [ch09] [http-nio-8080-exec-1] kr.co.ch09.jwt.JwtAuthenticationFilter   : header : null
2025-10-31T10:46:44.687+09:00  INFO 13924 --- [ch09] [http-nio-8080-exec-1] kr.co.ch09.jwt.JwtAuthenticationFilter   : header is null
2025-10-31T10:46:44.688+09:00  INFO 13924 --- [ch09] [http-nio-8080-exec-1] kr.co.ch09.controller.UserController     : Login User: UserDTO(usid=a101, pass=abc1234, name=null, age=0, role=null, regDate=null)
2025-10-31T10:46:44.688+09:00  INFO 13924 --- [ch09] [http-nio-8080-exec-1] k.co.ch09.security.MyUserDetailsService  : loadUserByUsername username: a101
2025-10-31T10:46:44.692+09:00  INFO 13924 --- [ch09] [http-nio-8080-exec-1] k.co.ch09.security.MyUserDetailsService  : loadUserByUsername User: User(usid=a101, pass=$2a$10$hAGD4CiVuKIBHmzWO.P06.1AY0wWrr4C5XwmDKzniZzc5I/HfGt0y, name=ohseoj, age=0, role=USER, regDate=2025-10-31T09:37:34.031165)
2025-10-31T10:46:44.763+09:00  INFO 13924 --- [ch09] [http-nio-8080-exec-1] kr.co.ch09.controller.UserController     : authentication : UsernamePasswordAuthenticationToken [Principal=MyUserDetails(user=User(usid=a101, pass=$2a$10$hAGD4CiVuKIBHmzWO.P06.1AY0wWrr4C5XwmDKzniZzc5I/HfGt0y, name=ohseoj, age=0, role=USER, regDate=2025-10-31T09:37:34.031165)), Credentials=[PROTECTED], Authenticated=true, Details=null, Granted Authorities=[ROLE_USER]]
2025-10-31T10:46:44.763+09:00  INFO 13924 --- [ch09] [http-nio-8080-exec-1] kr.co.ch09.controller.UserController     : Login User: MyUserDetails(user=User(usid=a101, pass=$2a$10$hAGD4CiVuKIBHmzWO.P06.1AY0wWrr4C5XwmDKzniZzc5I/HfGt0y, name=ohseoj, age=0, role=USER, regDate=2025-10-31T09:37:34.031165))
2025-10-31T10:46:44.764+09:00  INFO 13924 --- [ch09] [http-nio-8080-exec-1] kr.co.ch09.controller.UserController     : accessToken Token: eyJhbGciOiJIUzI1NiJ9.eyJpc3MiOiJ5ZDg5MDIzNzU0QGdtYWlsLmNvbSIsImlhdCI6MTc2MTg3NTIwNCwiZXhwIjoxNzYxOTYxNjA0LCJ1c2VybmFtZSI6ImExMDEiLCJyb2xlIjoiVVNFUiJ9.YEpKUaD9sDrR5EwEe0HgXCFavZMvBhhLpigQlHz7Nuk
2025-10-31T11:07:43.131+09:00  INFO 13924 --- [ch09] [http-nio-8080-exec-3] kr.co.ch09.jwt.JwtAuthenticationFilter   : header : null
2025-10-31T11:07:43.131+09:00  INFO 13924 --- [ch09] [http-nio-8080-exec-3] kr.co.ch09.jwt.JwtAuthenticationFilter   : header is null
2025-10-31T11:07:43.131+09:00  INFO 13924 --- [ch09] [http-nio-8080-exec-3] kr.co.ch09.jwt.JwtAuthenticationFilter   : header : null
2025-10-31T11:07:43.131+09:00  INFO 13924 --- [ch09] [http-nio-8080-exec-3] kr.co.ch09.jwt.JwtAuthenticationFilter   : header is null
2025-10-31T11:07:43.134+09:00  INFO 13924 --- [ch09] [http-nio-8080-exec-3] kr.co.ch09.controller.UserController     : Login User: UserDTO(usid=a101, pass=abc1234, name=null, age=0, role=null, regDate=null)
2025-10-31T11:07:43.134+09:00  INFO 13924 --- [ch09] [http-nio-8080-exec-3] k.co.ch09.security.MyUserDetailsService  : loadUserByUsername username: a101
2025-10-31T11:07:43.137+09:00  INFO 13924 --- [ch09] [http-nio-8080-exec-3] k.co.ch09.security.MyUserDetailsService  : loadUserByUsername User: User(usid=a101, pass=$2a$10$hAGD4CiVuKIBHmzWO.P06.1AY0wWrr4C5XwmDKzniZzc5I/HfGt0y, name=ohseoj, age=0, role=USER, regDate=2025-10-31T09:37:34.031165)
2025-10-31T11:07:43.207+09:00  INFO 13924 --- [ch09] [http-nio-8080-exec-3] kr.co.ch09.controller.UserController     : authentication : UsernamePasswordAuthenticationToken [Principal=MyUserDetails(user=User(usid=a101, pass=$2a$10$hAGD4CiVuKIBHmzWO.P06.1AY0wWrr4C5XwmDKzniZzc5I/HfGt0y, name=ohseoj, age=0, role=USER, regDate=2025-10-31T09:37:34.031165)), Credentials=[PROTECTED], Authenticated=true, Details=null, Granted Authorities=[ROLE_USER]]
2025-10-31T11:07:43.207+09:00  INFO 13924 --- [ch09] [http-nio-8080-exec-3] kr.co.ch09.controller.UserController     : Login User: MyUserDetails(user=User(usid=a101, pass=$2a$10$hAGD4CiVuKIBHmzWO.P06.1AY0wWrr4C5XwmDKzniZzc5I/HfGt0y, name=ohseoj, age=0, role=USER, regDate=2025-10-31T09:37:34.031165))
2025-10-31T11:07:43.207+09:00  INFO 13924 --- [ch09] [http-nio-8080-exec-3] kr.co.ch09.controller.UserController     : accessToken Token: eyJhbGciOiJIUzI1NiJ9.eyJpc3MiOiJ5ZDg5MDIzNzU0QGdtYWlsLmNvbSIsImlhdCI6MTc2MTg3NjQ2MywiZXhwIjoxNzYxOTYyODYzLCJ1c2VybmFtZSI6ImExMDEiLCJyb2xlIjoiVVNFUiJ9.mproHnP_IxsZw_wwURQ77TIR3zzasdmfNq8GMUy5Jps
2025-10-31T11:14:25.591+09:00  INFO 13924 --- [ch09] [http-nio-8080-exec-5] kr.co.ch09.jwt.JwtAuthenticationFilter   : header : null
2025-10-31T11:14:25.591+09:00  INFO 13924 --- [ch09] [http-nio-8080-exec-5] kr.co.ch09.jwt.JwtAuthenticationFilter   : header is null
2025-10-31T11:14:25.591+09:00  INFO 13924 --- [ch09] [http-nio-8080-exec-5] kr.co.ch09.jwt.JwtAuthenticationFilter   : header : null
2025-10-31T11:14:25.591+09:00  INFO 13924 --- [ch09] [http-nio-8080-exec-5] kr.co.ch09.jwt.JwtAuthenticationFilter   : header is null
2025-10-31T11:14:25.593+09:00  INFO 13924 --- [ch09] [http-nio-8080-exec-5] kr.co.ch09.controller.UserController     : Login User: UserDTO(usid=a101, pass=abc1234, name=null, age=0, role=null, regDate=null)
2025-10-31T11:14:25.593+09:00  INFO 13924 --- [ch09] [http-nio-8080-exec-5] k.co.ch09.security.MyUserDetailsService  : loadUserByUsername username: a101
2025-10-31T11:14:25.611+09:00  INFO 13924 --- [ch09] [http-nio-8080-exec-5] k.co.ch09.security.MyUserDetailsService  : loadUserByUsername User: User(usid=a101, pass=$2a$10$hAGD4CiVuKIBHmzWO.P06.1AY0wWrr4C5XwmDKzniZzc5I/HfGt0y, name=ohseoj, age=0, role=USER, regDate=2025-10-31T09:37:34.031165)
2025-10-31T11:14:25.681+09:00  INFO 13924 --- [ch09] [http-nio-8080-exec-5] kr.co.ch09.controller.UserController     : authentication : UsernamePasswordAuthenticationToken [Principal=MyUserDetails(user=User(usid=a101, pass=$2a$10$hAGD4CiVuKIBHmzWO.P06.1AY0wWrr4C5XwmDKzniZzc5I/HfGt0y, name=ohseoj, age=0, role=USER, regDate=2025-10-31T09:37:34.031165)), Credentials=[PROTECTED], Authenticated=true, Details=null, Granted Authorities=[ROLE_USER]]
2025-10-31T11:14:25.681+09:00  INFO 13924 --- [ch09] [http-nio-8080-exec-5] kr.co.ch09.controller.UserController     : Login User: MyUserDetails(user=User(usid=a101, pass=$2a$10$hAGD4CiVuKIBHmzWO.P06.1AY0wWrr4C5XwmDKzniZzc5I/HfGt0y, name=ohseoj, age=0, role=USER, regDate=2025-10-31T09:37:34.031165))
2025-10-31T11:14:25.684+09:00  INFO 13924 --- [ch09] [http-nio-8080-exec-5] kr.co.ch09.controller.UserController     : accessToken Token: eyJhbGciOiJIUzI1NiJ9.eyJpc3MiOiJ5ZDg5MDIzNzU0QGdtYWlsLmNvbSIsImlhdCI6MTc2MTg3Njg2NSwiZXhwIjoxNzYxOTYzMjY1LCJ1c2VybmFtZSI6ImExMDEiLCJyb2xlIjoiVVNFUiJ9.v_PB-_mpf5tbmkyxo03GY8fT6QMNvSqYv6f0PqHQO6Q
2025-10-31T11:46:46.285+09:00  INFO 13924 --- [ch09] [SpringApplicationShutdownHook] o.s.b.w.e.tomcat.GracefulShutdown        : Commencing graceful shutdown. Waiting for active requests to complete
2025-10-31T11:46:46.384+09:00  INFO 13924 --- [ch09] [tomcat-shutdown] o.s.b.w.e.tomcat.GracefulShutdown        : Graceful shutdown complete
2025-10-31T11:46:46.402+09:00  INFO 13924 --- [ch09] [SpringApplicationShutdownHook] j.LocalContainerEntityManagerFactoryBean : Closing JPA EntityManagerFactory for persistence unit 'default'
2025-10-31T11:46:46.438+09:00  INFO 13924 --- [ch09] [SpringApplicationShutdownHook] com.zaxxer.hikari.HikariDataSource       : HikariPool-3 - Shutdown initiated...
2025-10-31T11:46:46.470+09:00  INFO 13924 --- [ch09] [SpringApplicationShutdownHook] com.zaxxer.hikari.HikariDataSource       : HikariPool-3 - Shutdown completed.
